=================================================================
- This program was developed by Rafael Colares for Orange Labs. -
=================================================================
PARAMETER FILE: parameters.txt
=> Reading parameters file: parameters.txt ...
	 Node File: ../Instances/Cost266/node.csv
	 Link File: ../Instances/Cost266/link.csv
	 Service Chain Function File: ../Instances/Cost266/demand.csv
	 Virtual Network Function File: ../Instances/Cost266/vnf.csv
	 Linear Relaxation: FALSE
	 Time Limit: 7200 seconds
	 Output File: ../Instances/Cost266/Output/output.txt
=> Defining data ...
	 Reading ../Instances/Cost266/node.csv ...
	 Reading ../Instances/Cost266/link.csv ...
	 Reading ../Instances/Cost266/vnf.csv ...
	 Reading ../Instances/Cost266/demand.csv ...
	 Creating graph...
	 Data was correctly constructed !
Id: 0, Name: Amsterdam, x: 4.9, y: 52.35, Capacity: 99, Availability: 0.99254
Id: 1, Name: Athens, x: 23.73, y: 38, Capacity: 91, Availability: 0.99169
Id: 2, Name: Barcelona, x: 2.18, y: 41.37, Capacity: 97, Availability: 0.99311
Id: 3, Name: Belgrade, x: 20.5, y: 44.83, Capacity: 98, Availability: 0.99676
Id: 4, Name: Berlin, x: 13.4, y: 52.52, Capacity: 112, Availability: 0.99494
Id: 5, Name: Birmingham, x: -1.88, y: 52.47, Capacity: 118, Availability: 0.99449
Id: 6, Name: Bordeaux, x: -0.57, y: 44.85, Capacity: 96, Availability: 0.9921
Id: 7, Name: Brussels, x: 4.35, y: 50.83, Capacity: 102, Availability: 0.99637
Id: 8, Name: Budapest, x: 19.08, y: 47.5, Capacity: 96, Availability: 0.99679
Id: 9, Name: Copenhagen, x: 12.57, y: 55.72, Capacity: 98, Availability: 0.99118
Id: 10, Name: Dublin, x: -6.25, y: 53.33, Capacity: 94, Availability: 0.99408
Id: 11, Name: Dusseldorf, x: 6.78, y: 51.23, Capacity: 96, Availability: 0.99336
Id: 12, Name: Frankfurt, x: 8.67, y: 50.1, Capacity: 113, Availability: 0.99089
Id: 13, Name: Glasgow, x: -4.25, y: 55.85, Capacity: 101, Availability: 0.99405
Id: 14, Name: Hamburg, x: 10.02, y: 53.55, Capacity: 114, Availability: 0.99603
Id: 15, Name: Helsinki, x: 24.97, y: 60.17, Capacity: 102, Availability: 0.99221
Id: 16, Name: Krakow, x: 19.95, y: 50.05, Capacity: 110, Availability: 0.99138
Id: 17, Name: Lisbon, x: -9.13, y: 38.73, Capacity: 115, Availability: 0.99681
Id: 18, Name: London, x: -0.17, y: 51.5, Capacity: 118, Availability: 0.9956
Id: 19, Name: Lyon, x: 4.83, y: 45.73, Capacity: 94, Availability: 0.99381
Id: 20, Name: Madrid, x: -3.72, y: 40.42, Capacity: 103, Availability: 0.99171
Id: 21, Name: Marseille, x: 5.37, y: 43.3, Capacity: 109, Availability: 0.99367
Id: 22, Name: Milan, x: 9.17, y: 45.47, Capacity: 109, Availability: 0.99076
Id: 23, Name: Munich, x: 11.57, y: 48.13, Capacity: 116, Availability: 0.99101
Id: 24, Name: Oslo, x: 10.75, y: 59.93, Capacity: 90, Availability: 0.99364
Id: 25, Name: Palermo, x: 13.35, y: 38.12, Capacity: 101, Availability: 0.99297
Id: 26, Name: Paris, x: 2.33, y: 48.87, Capacity: 94, Availability: 0.99206
Id: 27, Name: Prague, x: 14.43, y: 50.08, Capacity: 95, Availability: 0.99207
Id: 28, Name: Rome, x: 12.5, y: 41.88, Capacity: 110, Availability: 0.99372
Id: 29, Name: Seville, x: -5.98, y: 37.38, Capacity: 101, Availability: 0.99039
Id: 30, Name: Sofia, x: 23.33, y: 42.75, Capacity: 107, Availability: 0.99554
Id: 31, Name: Stockholm, x: 18.05, y: 59.33, Capacity: 94, Availability: 0.99052
Id: 32, Name: Strasbourg, x: 7.77, y: 48.58, Capacity: 102, Availability: 0.99651
Id: 33, Name: Vienna, x: 16.37, y: 48.22, Capacity: 113, Availability: 0.99325
Id: 34, Name: Warsaw, x: 21, y: 52.25, Capacity: 119, Availability: 0.99667
Id: 35, Name: Zagreb, x: 16.02, y: 45.83, Capacity: 93, Availability: 0.99315
Id: 36, Name: Zurich, x: 8.55, y: 47.38, Capacity: 114, Availability: 0.99286

Id: 0, Name: L1, Source: 0, Target: 7, Delay: 9, Bandwidth: 13
Id: 1, Name: L2, Source: 0, Target: 13, Delay: 14, Bandwidth: 20
Id: 2, Name: L3, Source: 0, Target: 14, Delay: 9, Bandwidth: 13
Id: 3, Name: L4, Source: 0, Target: 18, Delay: 14, Bandwidth: 15
Id: 4, Name: L5, Source: 1, Target: 25, Delay: 10, Bandwidth: 16
Id: 5, Name: L6, Source: 1, Target: 30, Delay: 7, Bandwidth: 12
Id: 6, Name: L7, Source: 1, Target: 35, Delay: 14, Bandwidth: 19
Id: 7, Name: L8, Source: 2, Target: 20, Delay: 15, Bandwidth: 18
Id: 8, Name: L9, Source: 2, Target: 21, Delay: 9, Bandwidth: 20
Id: 9, Name: L10, Source: 2, Target: 29, Delay: 6, Bandwidth: 13
Id: 10, Name: L11, Source: 3, Target: 8, Delay: 14, Bandwidth: 19
Id: 11, Name: L12, Source: 3, Target: 30, Delay: 8, Bandwidth: 15
Id: 12, Name: L13, Source: 3, Target: 35, Delay: 5, Bandwidth: 12
Id: 13, Name: L14, Source: 4, Target: 9, Delay: 8, Bandwidth: 16
Id: 14, Name: L15, Source: 4, Target: 14, Delay: 13, Bandwidth: 14
Id: 15, Name: L16, Source: 4, Target: 23, Delay: 6, Bandwidth: 20
Id: 16, Name: L17, Source: 4, Target: 27, Delay: 5, Bandwidth: 13
Id: 17, Name: L18, Source: 4, Target: 34, Delay: 5, Bandwidth: 13
Id: 18, Name: L19, Source: 5, Target: 13, Delay: 8, Bandwidth: 14
Id: 19, Name: L20, Source: 5, Target: 18, Delay: 15, Bandwidth: 18
Id: 20, Name: L21, Source: 6, Target: 20, Delay: 13, Bandwidth: 17
Id: 21, Name: L22, Source: 6, Target: 21, Delay: 12, Bandwidth: 15
Id: 22, Name: L23, Source: 6, Target: 26, Delay: 6, Bandwidth: 17
Id: 23, Name: L24, Source: 7, Target: 11, Delay: 8, Bandwidth: 13
Id: 24, Name: L25, Source: 7, Target: 26, Delay: 12, Bandwidth: 17
Id: 25, Name: L26, Source: 8, Target: 16, Delay: 13, Bandwidth: 12
Id: 26, Name: L27, Source: 8, Target: 27, Delay: 6, Bandwidth: 17
Id: 27, Name: L28, Source: 9, Target: 24, Delay: 5, Bandwidth: 14
Id: 28, Name: L29, Source: 9, Target: 31, Delay: 12, Bandwidth: 13
Id: 29, Name: L30, Source: 10, Target: 13, Delay: 9, Bandwidth: 19
Id: 30, Name: L31, Source: 10, Target: 18, Delay: 14, Bandwidth: 12
Id: 31, Name: L32, Source: 11, Target: 12, Delay: 12, Bandwidth: 17
Id: 32, Name: L33, Source: 12, Target: 14, Delay: 12, Bandwidth: 16
Id: 33, Name: L34, Source: 12, Target: 23, Delay: 11, Bandwidth: 13
Id: 34, Name: L35, Source: 12, Target: 32, Delay: 5, Bandwidth: 17
Id: 35, Name: L36, Source: 15, Target: 24, Delay: 14, Bandwidth: 18
Id: 36, Name: L37, Source: 15, Target: 31, Delay: 9, Bandwidth: 20
Id: 37, Name: L38, Source: 15, Target: 34, Delay: 9, Bandwidth: 14
Id: 38, Name: L39, Source: 16, Target: 34, Delay: 5, Bandwidth: 15
Id: 39, Name: L40, Source: 17, Target: 18, Delay: 13, Bandwidth: 19
Id: 40, Name: L41, Source: 17, Target: 20, Delay: 5, Bandwidth: 15
Id: 41, Name: L42, Source: 17, Target: 29, Delay: 7, Bandwidth: 20
Id: 42, Name: L43, Source: 18, Target: 26, Delay: 12, Bandwidth: 16
Id: 43, Name: L44, Source: 19, Target: 21, Delay: 6, Bandwidth: 19
Id: 44, Name: L45, Source: 19, Target: 26, Delay: 13, Bandwidth: 12
Id: 45, Name: L46, Source: 19, Target: 36, Delay: 15, Bandwidth: 17
Id: 46, Name: L47, Source: 21, Target: 28, Delay: 6, Bandwidth: 14
Id: 47, Name: L48, Source: 22, Target: 23, Delay: 7, Bandwidth: 18
Id: 48, Name: L49, Source: 22, Target: 28, Delay: 7, Bandwidth: 17
Id: 49, Name: L50, Source: 22, Target: 36, Delay: 15, Bandwidth: 14
Id: 50, Name: L51, Source: 23, Target: 33, Delay: 5, Bandwidth: 14
Id: 51, Name: L52, Source: 25, Target: 28, Delay: 13, Bandwidth: 20
Id: 52, Name: L53, Source: 26, Target: 32, Delay: 5, Bandwidth: 18
Id: 53, Name: L54, Source: 27, Target: 33, Delay: 12, Bandwidth: 16
Id: 54, Name: L55, Source: 28, Target: 35, Delay: 8, Bandwidth: 12
Id: 55, Name: L56, Source: 32, Target: 36, Delay: 15, Bandwidth: 20
Id: 56, Name: L57, Source: 33, Target: 35, Delay: 12, Bandwidth: 15

Id: 0, Name: VNF1, Consumption: 10
	Cost of placement: 47, 60, 51, 60, 60, 58, 58, 40, 50, 56, 43, 57, 53, 56, 59, 44, 42, 42, 57, 41, 46, 54, 55, 51, 56, 46, 59, 55, 41, 48, 47, 48, 50, 50, 45, 42, 55, 
Id: 1, Name: VNF2, Consumption: 9
	Cost of placement: 40, 51, 54, 52, 50, 52, 48, 53, 51, 59, 53, 59, 58, 60, 43, 46, 53, 50, 42, 50, 50, 40, 54, 52, 45, 56, 53, 56, 48, 51, 43, 46, 41, 46, 55, 60, 43, 
Id: 2, Name: VNF3, Consumption: 7
	Cost of placement: 53, 40, 51, 52, 52, 48, 40, 55, 49, 41, 58, 58, 50, 40, 59, 49, 42, 46, 51, 42, 56, 42, 40, 59, 44, 57, 46, 45, 46, 44, 60, 48, 60, 55, 55, 55, 45, 

Id: 0, Name: D1,Source: 0, Target: 1,Max latency: 132, Bandwidth: 6
	VNF list: 2, 1, 
Id: 1, Name: D2,Source: 0, Target: 2,Max latency: 193, Bandwidth: 9
	VNF list: 1, 2, 0, 
Id: 2, Name: D63,Source: 1, Target: 26,Max latency: 103, Bandwidth: 5
	VNF list: 2, 1, 
Id: 3, Name: D68,Source: 1, Target: 31,Max latency: 110, Bandwidth: 5
	VNF list: 0, 
Id: 4, Name: D116,Source: 3, Target: 5,Max latency: 123, Bandwidth: 6
	VNF list: 1, 0, 
Id: 5, Name: D168,Source: 4, Target: 20,Max latency: 137, Bandwidth: 8
	VNF list: 1, 0, 
Id: 6, Name: D277,Source: 7, Target: 18,Max latency: 144, Bandwidth: 5
	VNF list: 2, 1, 
Id: 7, Name: D985,Source: 26, Target: 22,Max latency: 120, Bandwidth: 7
	VNF list: 2, 1, 

=> Building model ... 
	 Setting up variables... 
	 Setting up objective function... 
	 Setting up constraints... 
	 Model was correctly built ! 
Version identifier: 12.10.0.0 | 2019-11-26 | 843d4de
CPXPARAM_TimeLimit                               7200
Lazy constraint(s) or lazy constraint/branch callback is present.
    Disabling dual reductions (CPX_PARAM_REDUCE) in presolve.
    Disabling presolve reductions that prevent crushing forms.
Tried aggregator 1 time.
MIP Presolve eliminated 200 rows and 0 columns.
MIP Presolve modified 740 coefficients.
Reduced MIP has 498 rows, 740 columns, and 2592 nonzeros.
Reduced MIP has 703 binaries, 0 generals, 0 SOSs, and 0 indicators.
Presolve time = 0.00 sec. (2.30 ticks)
Probing time = 0.00 sec. (0.80 ticks)
Tried aggregator 1 time.
Reduced MIP has 498 rows, 740 columns, and 2592 nonzeros.
Reduced MIP has 703 binaries, 0 generals, 0 SOSs, and 0 indicators.
Presolve time = 0.00 sec. (1.08 ticks)
Probing time = 0.00 sec. (0.76 ticks)
Clique table members: 598.
MIP emphasis: balance optimality and feasibility.
MIP search method: dynamic search.
Parallel mode: deterministic, using up to 8 threads.
Root relaxation solution time = 0.01 sec. (9.71 ticks)

        Nodes                                         Cuts/
   Node  Left     Objective  IInf  Best Integer    Best Bound    ItCnt     Gap

      0     0      372.0942    14                    372.0942      716         
      0     0      376.7025    14                    Cuts: 16      778         
      0     0      382.1823    14                    Cuts: 43      842         
      0     0      400.3539    14                    Cuts: 18      877         
      0     0      401.9545    14                     Cuts: 6      901         
      0     0      407.3420    14                    Cuts: 10      927         
      0     0      412.3536    14                    Cuts: 37     1038         
      0     0      420.0490    14                    Cuts: 18     1066         
      0     0      425.3234    14                    Cuts: 13     1092         
      0     0      432.4507    14                    Cuts: 16     1121         
*     0+    0                          916.0000      432.4507            52.79%
      0     0      434.0000    14      916.0000      Cuts: 31     1159   52.62%
      0     0      434.4000    14      916.0000       Cuts: 4     1178   52.58%
      0     0      436.7413    14      916.0000       Cuts: 5     1182   52.32%
      0     0      437.2622    14      916.0000      Cuts: 10     1260   52.26%
      0     0      440.5422    14      916.0000      Cuts: 14     1291   51.91%
      0     0      440.5968    14      916.0000      Cuts: 17     1304   51.90%
      0     0      448.1948    14      916.0000      Cuts: 16     1372   51.07%
      0     0      449.0629    14      916.0000      Cuts: 18     1433   50.98%
      0     0      449.7003    14      916.0000      Cuts: 23     1473   50.91%
      0     0      450.4055    14      916.0000      Cuts: 11     1506   50.83%
*     0+    0                          870.0000      450.4055            48.23%
      0     0      450.8706    14      870.0000      Cuts: 14     1572   48.18%
      0     0      451.0531    14      870.0000       Cuts: 7     1595   48.15%
      0     0      451.5795    14      870.0000       Cuts: 3     1641   48.09%
      0     0      452.5000    14      870.0000      Cuts: 11     1670   47.99%
      0     0      452.5000    14      870.0000       Cuts: 3     1674   47.99%
      0     2      455.6724    32      870.0000      452.5000     1674   47.99%
Elapsed time = 0.51 sec. (343.67 ticks, tree = 0.02 MB, solutions = 2)
    728   583      579.2859    35      870.0000      461.0654    29097   47.00%
*  1368  1062      integral     0      847.0000      463.2322    45846   45.31%
   1642  1352      564.5045   110      847.0000      465.1230    53749   45.09%

Performing restart 1

Repeating presolve.
Tried aggregator 1 time.
MIP Presolve modified 614 coefficients.
Reduced MIP has 498 rows, 740 columns, and 2592 nonzeros.
Reduced MIP has 703 binaries, 0 generals, 0 SOSs, and 0 indicators.
Presolve time = 0.01 sec. (2.48 ticks)
Tried aggregator 1 time.
MIP Presolve modified 36 coefficients.
Reduced MIP has 498 rows, 740 columns, and 2592 nonzeros.
Reduced MIP has 703 binaries, 0 generals, 0 SOSs, and 0 indicators.
Presolve time = 0.00 sec. (1.78 ticks)
Represolve time = 0.02 sec. (9.27 ticks)
   1775     0      487.8101   243      847.0000      Cuts: 54    59621   42.41%
   1775     0      491.6784   243      847.0000      Cuts: 46    59745   41.95%
   1775     0      494.8601   243      847.0000      Cuts: 32    59877   41.57%
   1775     0      498.1235   243      847.0000      Cuts: 37    59996   41.19%
   1775     0      499.8566   243      847.0000      Cuts: 30    60100   40.99%
   1775     0      501.9650   243      847.0000      Cuts: 42    60229   40.74%
   1775     0      503.3256   243      847.0000      Cuts: 36    60383   40.58%
   1775     0      504.2432   243      847.0000      Cuts: 33    60526   40.47%
   1775     0      505.4965   243      847.0000      Cuts: 28    60608   40.32%
   1775     0      506.4061   243      847.0000      Cuts: 32    60681   40.21%
   1775     0      506.9705   243      847.0000      Cuts: 14    60726   40.15%
   1775     0      507.1686   243      847.0000      Cuts: 15    60782   40.12%
   1775     0      507.4922   243      847.0000      Cuts: 15    60834   40.08%
   1775     0      508.0531   243      847.0000      Cuts: 10    60888   40.02%
   1775     0      508.7471   243      847.0000      Cuts: 12    60950   39.94%
   1775     0      509.3023   243      847.0000      Cuts: 14    61022   39.87%
   1775     0      509.7060   243      847.0000      Cuts: 15    61076   39.82%
   1775     0      509.8838   243      847.0000      Cuts: 26    61140   39.80%
   1775     0      509.9263   243      847.0000       Cuts: 7    61174   39.80%
   1775     0      510.0817   243      847.0000      Cuts: 13    61202   39.78%
   1775     0      510.2008   243      847.0000      Cuts: 16    61229   39.76%
   1775     0      510.2333   243      847.0000      Cuts: 11    61263   39.76%
   1775     0      510.2573   243      847.0000       Cuts: 9    61281   39.76%
   1775     0      510.2725   243      847.0000       Cuts: 7    61299   39.76%
   1775     2      510.9801   222      847.0000      510.2725    61299   39.76%
   1778     5      511.9103   203      847.0000      512.0912    61429   39.54%
   1837    26      581.3211   145      847.0000      513.7128    63561   39.35%
   2072   250      637.6024    89      847.0000      514.0897    77093   39.30%
   2752   712      836.9087    17      847.0000      514.0897    91390   39.30%
   3672  1456      625.3545   121      847.0000      516.7792   104026   38.99%
   4546  2337      552.1565   203      847.0000      527.6758   121017   37.70%
   8708  6467      725.3760    54      847.0000      532.6291   183741   37.12%
Elapsed time = 6.73 sec. (4365.29 ticks, tree = 29.56 MB, solutions = 3)
  14017 11544      607.8963   208      847.0000      536.4642   259662   36.66%
  18156 15914      674.7964   141      847.0000      538.9146   339617   36.37%
  24703 21883      637.0915   199      847.0000      542.5502   410198   35.94%
  30080 26963      610.6046   173      847.0000      543.5521   496477   35.83%
  35196 31969      739.5986   106      847.0000      544.6354   575558   35.70%
  41892 37510      652.7868   184      847.0000      546.2159   636970   35.51%
  49219 44290      628.9569   183      847.0000      547.5791   718731   35.35%
  56105 51293      733.0783   109      847.0000      548.7164   800085   35.22%
  63280 58655      675.9498   147      847.0000      550.0687   893465   35.06%

Performing restart 2

Repeating presolve.
Tried aggregator 1 time.
MIP Presolve modified 36 coefficients.
Reduced MIP has 498 rows, 740 columns, and 2592 nonzeros.
Reduced MIP has 703 binaries, 0 generals, 0 SOSs, and 0 indicators.
Presolve time = 0.01 sec. (1.78 ticks)
Tried aggregator 1 time.
MIP Presolve modified 36 coefficients.
Reduced MIP has 498 rows, 740 columns, and 2592 nonzeros.
Reduced MIP has 703 binaries, 0 generals, 0 SOSs, and 0 indicators.
Presolve time = 0.00 sec. (1.78 ticks)
Represolve time = 0.06 sec. (21.56 ticks)
  66831     0      536.6948   241      847.0000      Cuts: 22   951029   34.98%
  66831     0      538.8871   241      847.0000      Cuts: 15   951086   34.98%
  66831     0      542.0770   241      847.0000      Cuts: 25   951153   34.98%
  66831     0      543.9290   241      847.0000      Cuts: 16   951237   34.98%
  66831     0      546.0739   241      847.0000      Cuts: 23   951317   34.98%
  66831     0      547.5431   241      847.0000      Cuts: 25   951400   34.98%
  66831     0      548.3371   241      847.0000      Cuts: 20   951450   34.98%
  66831     0      548.8728   241      847.0000      Cuts: 23   951530   34.98%
  66831     0      549.2303   241      847.0000      Cuts: 22   951574   34.98%
  66831     0      550.3074   241      847.0000      Cuts: 14   951663   34.98%
  66831     0      551.0224   241      847.0000      Cuts: 29   951731   34.94%
  66831     0      551.5426   241      847.0000      Cuts: 23   951789   34.88%
  66831     0      551.8752   241      847.0000      Cuts: 18   951824   34.84%
  66831     0      552.3964   241      847.0000      Cuts: 16   951871   34.78%
  66831     0      552.7584   241      847.0000      Cuts: 18   951928   34.74%
  66831     0      553.2968   241      847.0000      Cuts: 21   951988   34.68%
  66831     0      554.4211   241      847.0000      Cuts: 33   952052   34.54%
  66831     0      555.4033   241      847.0000      Cuts: 26   952142   34.43%
  66831     0      555.8794   241      847.0000      Cuts: 14   952202   34.37%
  66831     0      556.3310   241      847.0000      Cuts: 12   952240   34.32%
  66831     0      556.5702   241      847.0000       Cuts: 9   952278   34.29%
  66831     0      556.6450   241      847.0000      Cuts: 12   952300   34.28%
  66831     0      556.6804   241      847.0000       Cuts: 9   952333   34.28%
  66831     0      556.8334   241      847.0000      Cuts: 10   952377   34.26%
  66831     0      556.9071   241      847.0000       Cuts: 9   952414   34.25%
  66831     0      557.0053   241      847.0000      Cuts: 20   952459   34.24%
  66831     0      557.1173   241      847.0000       Cuts: 8   952505   34.22%
  66831     0      557.1471   241      847.0000      Cuts: 10   952530   34.22%
  66831     0      557.3234   241      847.0000       Cuts: 9   952578   34.20%
  66831     0      557.5039   241      847.0000      Cuts: 19   952622   34.18%
  66831     0      557.5195   241      847.0000       Cuts: 9   952647   34.18%
  66831     0      557.6418   241      847.0000       Cuts: 5   952668   34.16%
  66831     0      557.8034   241      847.0000      Cuts: 11   952717   34.14%
  66831     0      557.8483   241      847.0000       Cuts: 8   952751   34.14%
  66831     2      557.8483   230      847.0000      557.8483   952751   34.14%
Elapsed time = 27.27 sec. (14957.17 ticks, tree = 0.02 MB, solutions = 3)
  67102   199      717.0030    26      847.0000      558.9561   964028   34.01%
  69071  1779      824.1429    47      847.0000      561.0791  1005981   33.76%
  74015  6851      790.4611    98      847.0000      569.5883  1079574   32.75%
  80960 13040      700.0689    81      847.0000      573.8999  1154519   32.24%
  88208 20350      798.7466    83      847.0000      577.4474  1244199   31.82%
  94249 25863      786.1663   110      847.0000      579.2124  1329176   31.62%
* 95345 26779      integral     0      846.0000      579.5889  1340154   31.49%
  99560 31229      739.8920    92      846.0000      581.1926  1411969   31.30%
 105436 35761      670.8417   149      846.0000      582.1560  1465870   31.19%
*105675 36665      integral     0      841.0000      582.3587  1478326   30.75%
 111683 42189      732.0216   144      841.0000      583.0517  1555134   30.67%
 117763 47082      694.4864   183      841.0000      583.5852  1622600   30.61%
Elapsed time = 47.46 sec. (24498.37 ticks, tree = 69.02 MB, solutions = 5)
 123601 53594      670.8952   172      841.0000      584.6988  1703934   30.48%
 130267 60825      703.4071   147      841.0000      586.0326  1792449   30.32%
 136899 67264      743.9203   120      841.0000      586.6365  1869239   30.25%
 143257 73743      786.3160   110      841.0000      587.3056  1971440   30.17%
 149166 77808      829.0105    93      841.0000      588.1233  2042161   30.07%
 155034 84783      669.3679   113      841.0000      588.9475  2162820   29.97%
 161059 89091      769.1160   115      841.0000      589.6922  2233851   29.88%
 166704 95567      770.5442   129      841.0000      590.2203  2321269   29.82%
 172524 101067      714.7081   146      841.0000      590.6032  2400139   29.77%
 178373 107464      813.9917   106      841.0000      591.1171  2492802   29.71%
Elapsed time = 71.86 sec. (34036.45 ticks, tree = 288.56 MB, solutions = 5)
 184094 113171      778.5916    91      841.0000      591.7232  2572340   29.64%
 190448 119078      708.5034   168      841.0000      592.1310  2666121   29.59%
 197066 124265      644.5198   152      841.0000      592.3668  2759187   29.56%
 202874 130980      644.5767   205      841.0000      592.7772  2873672   29.52%
 208751 135902      820.3124    98      841.0000      593.2029  2961223   29.46%
*214836 142461      integral     0      839.0000      593.6007  3056136   29.25%
 215089 141994      748.3558   124      839.0000      593.6007  3050646   29.25%
 221263 147255      802.3505    65      839.0000      594.0075  3127176   29.20%
 227795 152811      711.0254   138      839.0000      594.4602  3199018   29.15%
 233714 159990      647.4834   179      839.0000      594.9470  3294534   29.09%
 239487 164733      730.0060   123      839.0000      595.4553  3360042   29.03%
Elapsed time = 97.04 sec. (43574.12 ticks, tree = 581.47 MB, solutions = 6)
 245789 170539      674.8693   151      839.0000      595.9708  3440182   28.97%
 252113 177458      706.5324   105      839.0000      596.5065  3531817   28.90%
*257671 182283      integral     0      823.0000      596.7432  3599488   27.49%
 258220 173605      757.1248   115      823.0000      596.7463  3611402   27.49%
 264229 179530      649.3690   209      823.0000      597.2512  3692528   27.43%
 270242 184093      656.3323   180      823.0000      597.6580  3758156   27.38%
 276063 190707      799.9244    84      823.0000      598.1189  3848987   27.32%
 282289 194676      762.2720   121      823.0000      598.4085  3904927   27.29%
 288501 201836      686.7549   152      823.0000      598.8234  3999260   27.24%
 294857 208269      714.5896   145      823.0000      599.0936  4087067   27.21%
 300285 212666      664.9306   160      823.0000      599.3530  4151306   27.17%
Elapsed time = 122.44 sec. (53111.54 ticks, tree = 1091.46 MB, solutions = 7)
 306519 218492      767.8307    91      823.0000      599.6002  4229249   27.14%
 313197 225470      781.5251    94      823.0000      599.8817  4320332   27.11%
 319554 231265      675.0811   144      823.0000      600.0514  4393174   27.09%
 325443 236731      799.6678    82      823.0000      600.3044  4468075   27.06%
 331262 242419      779.6071    76      823.0000      600.6341  4552761   27.02%
 337806 249642      693.2882   169      823.0000      600.8392  4678634   26.99%
 343989 253897      654.0010   163      823.0000      601.0613  4734497   26.97%
 350368 261416      773.0273   117      823.0000      601.3864  4835574   26.93%
 356696 267673      818.0000    51      823.0000      601.5800  4918226   26.90%
 363071 273272      713.8727   135      823.0000      601.7795  4989652   26.88%
Elapsed time = 147.50 sec. (62649.91 ticks, tree = 1608.32 MB, solutions = 7)
 369157 278770      667.0604   172      823.0000      602.0596  5059265   26.85%
 375917 285937      680.3173   125      823.0000      602.2161  5153664   26.83%
 382106 292036      819.5947    69      823.0000      602.4886  5232239   26.79%
 388176 296828      660.1478   183      823.0000      602.6861  5296084   26.77%
 394219 302162      692.3662   133      823.0000      602.8894  5380184   26.74%
 399191 308466      701.1976   142      823.0000      603.1671  5468265   26.71%
 405526 314425      700.1867   179      823.0000      603.4212  5569550   26.68%
 410975 320261      703.6351   115      823.0000      603.6200  5665564   26.66%
 416453 324903      662.0942   187      823.0000      603.8111  5751393   26.63%
 422165 329581      771.5022    48      823.0000      603.9535  5821831   26.62%
Elapsed time = 172.70 sec. (72188.72 ticks, tree = 1857.81 MB, solutions = 7)
 427984 335424      712.2051   128      823.0000      604.2254  5928186   26.58%
 434394 342764      631.3942   167      823.0000      604.4014  6052856   26.56%
 440344 346768      639.8993   226      823.0000      604.5460  6127316   26.54%
 446839 353630      730.8946   107      823.0000      604.8070  6249795   26.51%
 452439 358342      665.3923   165      823.0000      605.0454  6336467   26.48%
*457464 364631      integral     0      822.0000      605.1781  6448704   26.38%
 458463 363716      625.8707   198      822.0000      605.1912  6430224   26.38%
 464980 367903      612.5253   212      822.0000      605.3388  6527728   26.36%
 471214 376294      696.9909   166      822.0000      605.5507  6669130   26.33%
 477339 382000      672.5624   124      822.0000      605.7872  6776080   26.30%
 483906 385880      749.7738    62      822.0000      605.9213  6848122   26.29%
Elapsed time = 197.66 sec. (81726.95 ticks, tree = 1881.70 MB, solutions = 8)
 489684 393831      706.8540   154      822.0000      606.1947  6985387   26.25%
 496252 399212      703.1551   158      822.0000      606.3016  7056851   26.24%
 502867 406673      724.5929    76      822.0000      606.4413  7154493   26.22%
 507002 409609      647.6414   217      822.0000      606.5848  7190872   26.21%
 508363 410916      718.6288   113      822.0000      606.5848  7208782   26.21%
 509768 412024      807.8056    58      822.0000      606.5848  7223532   26.21%
 510515 412841      755.7429   127      822.0000      606.5848  7234239   26.21%
 511091 413391      714.4417   157      822.0000      606.5848  7241760   26.21%
 512001 414181      714.8028   147      822.0000      606.5848  7253355   26.21%
 515497 417597      745.0206   116      822.0000      606.5848  7298196   26.21%
Elapsed time = 218.24 sec. (94293.66 ticks, tree = 2133.30 MB, solutions = 8)
Nodefile size = 83.27 MB (48.08 MB after compression)
 518398 420148      765.0564   114      822.0000      606.5848  7332505   26.21%
 521786 423663      781.1118    78      822.0000      606.5848  7377388   26.21%
 525439 427103      783.3851    55      822.0000      606.5848  7421344   26.21%
 527596 429233      656.8256   170      822.0000      606.5848  7447716   26.21%
 530996 432451      741.6285   108      822.0000      606.5848  7492465   26.21%
 534850 435955      727.1692   117      822.0000      606.5848  7538944   26.21%
 538909 440014      785.3668    78      822.0000      606.5848  7590148   26.21%
 541998 442710      794.4599    58      822.0000      606.5848  7628190   26.21%
 544424 445166      797.1333    89      822.0000      606.5848  7658408   26.21%
 547619 448267      686.3686   153      822.0000      606.5848  7699446   26.21%
Elapsed time = 259.67 sec. (132486.77 ticks, tree = 2437.40 MB, solutions = 8)
Nodefile size = 388.62 MB (223.23 MB after compression)
 549755 450306      748.0776   110      822.0000      606.5848  7725206   26.21%
 552935 453294      766.6326    85      822.0000      606.5848  7766139   26.21%
 555584 455959      639.7937   212      822.0000      606.5848  7800129   26.21%
 558468 458642      733.9281   142      822.0000      606.5848  7838320   26.21%
 561535 461519      703.3445   162      822.0000      606.5848  7873142   26.21%
 563795 463762      799.8110    62      822.0000      606.5848  7901768   26.21%
 566460 466336      729.9237   106      822.0000      606.5848  7934614   26.21%
 569711 469326      715.5653   180      822.0000      606.5848  7974791   26.21%
 572843 472291      687.9587   162      822.0000      606.5848  8011067   26.21%
 576111 475494      679.6488   164      822.0000      606.5848  8052697   26.21%
Elapsed time = 298.06 sec. (171291.00 ticks, tree = 2707.99 MB, solutions = 8)
Nodefile size = 659.78 MB (377.56 MB after compression)
 579276 478507      646.6051   211      822.0000      606.5848  8090527   26.21%
 582641 481768      741.0204    95      822.0000      606.5848  8133086   26.21%
 586956 485796      701.4311   110      822.0000      606.5848  8184956   26.21%
 592358 490785      803.4876    68      822.0000      606.5848  8248863   26.21%
 597516 495770      764.0661    91      822.0000      606.5848  8316929   26.21%
 603654 501698      646.8217   180      822.0000      606.5848  8392860   26.21%
 609278 506970      657.7197   173      822.0000      606.5848  8464717   26.21%
 614673 512105      713.8761   154      822.0000      606.5848  8537056   26.21%
 635382 531708      655.7517   169      822.0000      608.9482  8829072   25.92%
 657661 553737      720.5767   101      822.0000      609.9220  9173766   25.80%
Elapsed time = 363.73 sec. (209482.57 ticks, tree = 3103.87 MB, solutions = 8)
Nodefile size = 1055.12 MB (597.89 MB after compression)
 680661 575043      645.8996   131      822.0000      610.3406  9539506   25.75%
 703199 595190      720.7093    95      822.0000      610.7689  9893502   25.70%
 720848 613253      805.0833    39      822.0000      611.0959 10193477   25.66%
 725042 616839      683.9500   157      822.0000      611.1214 10244038   25.65%
 728308 619875      712.3014   126      822.0000      611.1214 10286690   25.65%
 729981 621610      699.9082   179      822.0000      611.1214 10310120   25.65%
 732775 624193      698.7454   156      822.0000      611.1214 10343473   25.65%
 735744 627164      656.4896   190      822.0000      611.1284 10385869   25.65%
 738329 629697      784.6630   105      822.0000      611.1284 10421572   25.65%
 743913 634760      716.5395   139      822.0000      611.1284 10494530   25.65%
Elapsed time = 426.33 sec. (248307.54 ticks, tree = 3354.43 MB, solutions = 8)
Nodefile size = 1303.46 MB (736.14 MB after compression)
 746782 637470      710.4683   172      822.0000      611.1284 10529082   25.65%
 750120 640576      683.9526   146      822.0000      611.1284 10573498   25.65%
 752937 643260      805.6644    91      822.0000      611.1284 10610232   25.65%
 755985 646280      669.6581   131      822.0000      611.1284 10649632   25.65%
 761271 651337      715.4494   145      822.0000      611.1284 10719455   25.65%
 764632 654501      656.5316   173      822.0000      611.1284 10765815   25.65%
 769263 658887      817.2698    56      822.0000      611.1284 10829105   25.65%
 773356 663121      733.1362   152      822.0000      611.1284 10889710   25.65%
 780275 669481      768.6581   156      822.0000      611.1284 10981912   25.65%
 786367 675413      687.0233   150      822.0000      611.1284 11066376   25.65%
Elapsed time = 478.86 sec. (286651.28 ticks, tree = 3763.57 MB, solutions = 8)
Nodefile size = 1713.04 MB (965.25 MB after compression)
 793052 681439      697.6535   155      822.0000      611.1351 11151530   25.65%
 800796 688660      705.2900   136      822.0000      611.1351 11255387   25.65%
 809164 696799      649.6063   179      822.0000      611.1351 11368415   25.65%
 815045 702007      722.9132   165      822.0000      611.1351 11446105   25.65%
 821333 708843      745.6556   115      822.0000      611.1351 11541323   25.65%
 830355 716619      816.4983    68      822.0000      611.1351 11657823   25.65%
 839187 725270      726.2903   132      822.0000      611.1351 11784575   25.65%
 848501 733782      721.0118   103      822.0000      611.1404 11907942   25.65%
 856165 741712      639.1624   146      822.0000      611.1404 12026292   25.65%
 864476 749032      812.8940    44      822.0000      611.1404 12133882   25.65%
Elapsed time = 559.89 sec. (324802.66 ticks, tree = 4503.72 MB, solutions = 8)
Nodefile size = 2451.17 MB (1373.89 MB after compression)
 872794 757046      738.1832   137      822.0000      611.1404 12253599   25.65%
 880007 764097      661.3866   173      822.0000      611.1404 12353948   25.65%
 887497 771009      714.8295   169      822.0000      611.1404 12453273   25.65%
 894400 777332      775.4524    73      822.0000      611.1404 12541514   25.65%
 902376 784702      672.0824   130      822.0000      611.1404 12645144   25.65%
 910035 792813      757.9483   101      822.0000      611.1404 12768900   25.65%
 925798 807918      783.6128    69      822.0000      612.5114 13035501   25.49%
 934721 815564      655.1390   174      822.0000      612.6908 13143480   25.46%
 944994 825494      765.3382   120      822.0000      612.6908 13290943   25.46%
 954736 834514      731.3962   139      822.0000      612.6908 13423882   25.46%
Elapsed time = 648.21 sec. (362954.48 ticks, tree = 5280.29 MB, solutions = 8)
Nodefile size = 3229.76 MB (1799.93 MB after compression)
 964874 843828      746.7682   139      822.0000      612.6908 13563466   25.46%
 975023 854203      738.0251   138      822.0000      612.6908 13707655   25.46%
 986275 863537      686.1386   190      822.0000      612.6908 13847597   25.46%
 998575 876416      735.9857    98      822.0000      614.9918 14073001   25.18%
 1013972 889574      796.2414    97      822.0000      615.7189 14283619   25.10%
 1025676 900781        cutoff            822.0000      615.7189 14455721   25.10%
 1036887 911069      817.2093    29      822.0000      615.7189 14605823   25.10%
 1046057 921510      700.8473   172      822.0000      615.7189 14766602   25.10%
 1064918 938708      701.4719   126      822.0000      616.3930 15076660   25.01%
 1083799 956660      701.6748   157      822.0000      616.6019 15408200   24.99%
Elapsed time = 757.23 sec. (401110.76 ticks, tree = 6107.67 MB, solutions = 8)
Nodefile size = 4057.29 MB (2249.96 MB after compression)
 1095566 967496      811.5092    66      822.0000      616.6554 15582763   24.98%
 1104490 976355      758.5748   147      822.0000      616.6602 15709181   24.98%
 1115899 987019      670.5714   126      822.0000      616.6634 15867919   24.98%
 1126985 996457      732.8924   134      822.0000      616.6634 16004425   24.98%
 1139530 1008755      726.3016   149      822.0000      616.6634 16178164   24.98%
 1150764 1019461      686.5615   161      822.0000      616.6634 16331068   24.98%
 1163802 1032103      703.9967   132      822.0000      616.6634 16513196   24.98%
 1175567 1043122      810.8653    99      822.0000      616.6634 16671798   24.98%
 1188442 1054512      708.0403   148      822.0000      616.8134 16854549   24.96%
 1198295 1063763      778.9167    40      822.0000      617.3805 17028398   24.89%
Elapsed time = 863.34 sec. (439260.65 ticks, tree = 7030.54 MB, solutions = 8)
Nodefile size = 4976.87 MB (2750.47 MB after compression)
 1215779 1081685      636.4677   192      822.0000      617.9034 17296487   24.83%
 1227435 1092331      742.4519   108      822.0000      617.9034 17455951   24.83%
 1238838 1102262      655.3390   159      822.0000      617.9034 17603639   24.83%
 1251710 1114425      742.2017   142      822.0000      618.0307 17796525   24.81%
 1271376 1135464      657.1788   177      822.0000      618.5285 18170150   24.75%
 1291955 1152788      674.4393   143      822.0000      618.7317 18496698   24.73%
 1308232 1168302        cutoff            822.0000      618.8646 18718442   24.71%
 1324296 1183337      749.7588   145      822.0000      618.9840 18934612   24.70%
 1338763 1196543      803.5554   107      822.0000      619.1497 19134277   24.68%
 1350185 1207326      675.3308   180      822.0000      619.1497 19290503   24.68%
Elapsed time = 996.04 sec. (477411.16 ticks, tree = 8140.67 MB, solutions = 8)
Nodefile size = 6086.49 MB (3351.18 MB after compression)
 1363061 1218901      701.7689   160      822.0000      619.1497 19458279   24.68%
 1374915 1230222      808.2017    98      822.0000      619.1497 19624520   24.68%
 1385753 1239485      685.1420   154      822.0000      619.3205 19787592   24.66%
 1404736 1260777      779.0214   119      822.0000      619.8327 20153760   24.59%
 1422853 1274545      745.2667   103      822.0000      619.9581 20358005   24.58%
 1437532 1288392      699.1332   143      822.0000      619.9581 20568737   24.58%
 1449768 1300543      787.0698   102      822.0000      619.9581 20738333   24.58%
 1462863 1314165      691.9421   161      822.0000      619.9581 20936370   24.58%
 1476193 1325771      692.9812   147      822.0000      619.9581 21107507   24.58%
 1482651 1332703      652.3884   164      822.0000      619.9581 21216206   24.58%
Elapsed time = 1107.85 sec. (515560.82 ticks, tree = 9171.79 MB, solutions = 8)
Nodefile size = 7121.75 MB (3914.89 MB after compression)
 1503007 1352489      799.9167    53      822.0000      620.3936 21583981   24.53%
 1522809 1370827      799.8224   111      822.0000      620.9140 21889372   24.46%
 1538393 1385767      677.0619   161      822.0000      621.0327 22107334   24.45%
 1554913 1400980      723.8444   121      822.0000      621.1687 22329684   24.43%
 1568042 1413773      656.3489   161      822.0000      621.1687 22516949   24.43%
 1582171 1426862      770.1375   115      822.0000      621.1687 22706089   24.43%
 1595627 1439706      732.7710   148      822.0000      621.1687 22897716   24.43%
 1607969 1451178      690.5182   152      822.0000      621.1687 23061938   24.43%
 1620146 1463348      678.6848   126      822.0000      621.1687 23237295   24.43%
 1632634 1474616        cutoff            822.0000      621.1687 23412165   24.43%
Elapsed time = 1229.22 sec. (554856.75 ticks, tree = 10264.47 MB, solutions = 8)
Nodefile size = 8214.36 MB (4508.42 MB after compression)
 1653403 1495797      681.9010   193      822.0000      621.8376 23807792   24.35%
 1671503 1509481      695.7585   164      822.0000      622.0344 24023825   24.33%
 1688063 1527080      719.8606   149      822.0000      622.1757 24279518   24.31%
 1701428 1539632      723.7993   150      822.0000      622.1757 24464244   24.31%
 1714364 1550294      791.2153    99      822.0000      622.1757 24615215   24.31%
 1726447 1563352      806.0824    83      822.0000      622.1757 24802754   24.31%
 1738188 1573084      702.7577   174      822.0000      622.1757 24949036   24.31%
 1751863 1586549      665.7743   157      822.0000      622.1757 25150788   24.31%
 1760388 1595239      734.2950   158      822.0000      622.1757 25278382   24.31%
 1780697 1614184      700.0254   124      822.0000      622.5376 25612824   24.27%
Elapsed time = 1349.25 sec. (594328.72 ticks, tree = 11283.05 MB, solutions = 8)
Nodefile size = 9231.63 MB (5061.82 MB after compression)
 1798468 1629877      807.6500    87      822.0000      622.9242 25887613   24.22%
 1812371 1642807      711.9655   166      822.0000      622.9461 26079268   24.22%
 1827546 1656423      726.0389    90      822.0000      622.9461 26287680   24.22%
 1839799 1671265      719.0541   152      822.0000      622.9461 26511930   24.22%
 1845887 1675558      735.1291   119      822.0000      622.9461 26577467   24.22%
 1861988 1688505      664.4260   172      822.0000      623.2135 26796765   24.18%
 1882819 1707620      661.2553   148      822.0000      623.5576 27171617   24.14%
 1891604 1719011      655.7160   176      822.0000      623.5816 27361985   24.14%
 1909327 1734934      684.0098   159      822.0000      623.6716 27587583   24.13%
 1925979 1748537      718.4060   144      822.0000      623.7950 27787845   24.11%
Elapsed time = 1467.76 sec. (632478.89 ticks, tree = 12247.97 MB, solutions = 8)
Nodefile size = 10187.28 MB (5582.87 MB after compression)
 1940787 1766369      652.1894   174      822.0000      623.7950 28051994   24.11%
 1956142 1779045      801.3611   103      822.0000      623.7950 28243320   24.11%
 1968656 1791748      813.6667    28      822.0000      623.7950 28430709   24.11%
 1982077 1804150      718.3854   169      822.0000      623.7950 28621449   24.11%
 1994207 1815139        cutoff            822.0000      623.7950 28785135   24.11%
 2004337 1825059      680.7107   194      822.0000      623.9506 28947323   24.09%
 2024882 1845866      799.6441   144      822.0000      624.3296 29338099   24.05%
 2039046 1856500      709.6337   123      822.0000      624.5650 29506236   24.02%
 2054438 1870669      721.8051   137      822.0000      624.6269 29728442   24.01%
 2068767 1883150      806.2267    43      822.0000      624.6269 29921579   24.01%
Elapsed time = 1587.74 sec. (673222.96 ticks, tree = 13337.86 MB, solutions = 8)
Nodefile size = 11277.53 MB (6178.02 MB after compression)
 2081584 1898620      725.7970   151      822.0000      624.6269 30157921   24.01%
 2095746 1911328      655.0479   191      822.0000      624.6269 30350205   24.01%
 2107479 1923386      817.0443    84      822.0000      624.6269 30539931   24.01%
 2121560 1933893      794.2653   108      822.0000      624.6269 30707828   24.01%
 2133137 1947011      820.4921   106      822.0000      624.8755 30957058   23.98%
 2153642 1968311      682.6156   133      822.0000      625.2821 31329231   23.93%
 2171479 1982746      681.8922   213      822.0000      625.3377 31598325   23.92%
 2187280 1997934      726.0907   146      822.0000      625.4257 31834698   23.91%
 2202953 2010100      665.3644   171      822.0000      625.4257 32015075   23.91%
 2217875 2024912      803.1894    91      822.0000      625.4257 32235345   23.91%
Elapsed time = 1710.29 sec. (711372.77 ticks, tree = 14368.56 MB, solutions = 8)
Nodefile size = 12311.85 MB (6743.30 MB after compression)
 2232362 2039714      677.0122   199      822.0000      625.4257 32455905   23.91%
 2245728 2049878      818.1308    77      822.0000      625.4257 32610868   23.91%
 2259795 2063889      811.6610    79      822.0000      625.4257 32823966   23.91%
 2273359 2076604      717.2500   114      822.0000      625.4257 33014481   23.91%
 2285796 2090707      721.6240   150      822.0000      625.4257 33222101   23.91%
 2298557 2101555      720.7845   115      822.0000      625.4257 33391230   23.91%
*2313411 2112220      integral     0      820.0000      625.6418 33603191   23.70%
 2319384 2119387      736.4408   174      820.0000      625.7135 33818266   23.69%
 2326691 2124657      697.3139   106      820.0000      625.8072 33913269   23.68%
 2338843 2136434      688.1226   204      820.0000      625.9312 34096334   23.67%
 2354013 2150094      693.3068   168      820.0000      625.9312 34305850   23.67%
Elapsed time = 1828.05 sec. (750516.52 ticks, tree = 15467.24 MB, solutions = 9)
Nodefile size = 13412.46 MB (7345.57 MB after compression)
 2366760 2160688      666.5978   187      820.0000      625.9312 34462386   23.67%
 2379849 2175259      818.0000    50      820.0000      625.9312 34683373   23.67%
 2392772 2187709      660.2877   169      820.0000      625.9312 34875812   23.67%
 2403521 2196503      717.4297   184      820.0000      626.4177 35015443   23.61%
 2424341 2212959      666.3569   158      820.0000      626.6097 35307335   23.58%
 2445424 2237785      650.9131   188      820.0000      626.9266 35782854   23.55%
 2458945 2248845      690.9836   173      820.0000      626.9317 35955693   23.54%
 2473524 2261483      762.0158   113      820.0000      626.9317 36146775   23.54%
 2487704 2276521        cutoff            820.0000      627.0841 36378737   23.53%
 2502487 2292061      687.7024   167      820.0000      627.0841 36611654   23.53%
Elapsed time = 1953.65 sec. (788666.47 ticks, tree = 16512.59 MB, solutions = 9)
Nodefile size = 14460.00 MB (7921.49 MB after compression)
 2516687 2303071      705.6652   146      820.0000      627.0841 36775934   23.53%
 2531199 2315293      694.8628   181      820.0000      627.0841 36969353   23.53%
 2544406 2330023      666.9829   186      820.0000      627.0841 37190717   23.53%
 2557931 2342112      663.9116   182      820.0000      627.0841 37382253   23.53%
 2569644 2353688        cutoff            820.0000      627.0841 37565083   23.53%
 2581178 2363825      725.9236   160      820.0000      627.3222 37755259   23.50%
 2592151 2375981      816.1190    60      820.0000      627.3294 37936000   23.50%
 2601802 2383587      769.0650   133      820.0000      627.4306 38060787   23.48%
 2612541 2392648      735.0788   159      820.0000      627.6143 38197587   23.46%
 2623793 2405292      744.7778    84      820.0000      627.6143 38395851   23.46%
Elapsed time = 2068.36 sec. (828087.00 ticks, tree = 17627.46 MB, solutions = 9)
Nodefile size = 15573.26 MB (8535.85 MB after compression)
 2635310 2414708      806.4049    90      820.0000      627.6143 38543048   23.46%
 2654369 2432107      752.7442   134      820.0000      627.9704 38861745   23.42%
 2673994 2451934      815.4524    77      820.0000      628.1279 39208495   23.40%
 2687567 2463781      706.0670   154      820.0000      628.1506 39395245   23.40%
 2698519 2475575      745.4286   123      820.0000      628.1506 39573406   23.40%
 2712088 2484677      724.8055   158      820.0000      628.1506 39711545   23.40%
 2724278 2500233      723.8854   151      820.0000      628.1506 39944302   23.40%
 2735620 2510786      683.5936   146      820.0000      628.1506 40105141   23.40%
 2745753 2518637      722.5100   152      820.0000      628.1506 40229509   23.40%
 2756173 2529974        cutoff            820.0000      628.1506 40408175   23.40%
Elapsed time = 2185.08 sec. (866236.88 ticks, tree = 18604.65 MB, solutions = 9)
Nodefile size = 16550.49 MB (9074.24 MB after compression)
 2767164 2538946      686.3542   141      820.0000      628.1506 40541690   23.40%
 2778627 2549413      818.7755    96      820.0000      628.1506 40707528   23.40%
 2788830 2566963      706.9733   183      820.0000      628.3220 41039045   23.38%
 2810776 2583617      722.5905   133      820.0000      628.6133 41377569   23.34%
 2830706 2600387      738.7073   155      820.0000      628.9383 41672774   23.30%
 2841696 2608947      816.9815    81      820.0000      628.9824 41800130   23.29%
 2852811 2620077      677.3517   189      820.0000      628.9985 41973579   23.29%
 2862505 2627704      720.4805   140      820.0000      628.9985 42087127   23.29%
 2872588 2638073      686.3473   193      820.0000      628.9985 42243760   23.29%
 2880709 2644623      730.1059   141      820.0000      628.9985 42335387   23.29%
Elapsed time = 2289.81 sec. (904386.85 ticks, tree = 19323.90 MB, solutions = 9)
Nodefile size = 17260.86 MB (9464.62 MB after compression)
 2892179 2656348      812.8231    73      820.0000      628.9985 42509038   23.29%
 2903222 2666630      745.2958   153      820.0000      628.9985 42662279   23.29%
 2912885 2675428      785.1335    87      820.0000      628.9985 42791541   23.29%
 2921675 2684666      716.1748   160      820.0000      628.9985 42931628   23.29%
 2931762 2692637      672.1014   181      820.0000      628.9985 43059361   23.29%
 2938848 2699419      772.1863   135      820.0000      628.9985 43162851   23.29%
 2949252 2711022      725.1264   157      820.0000      628.9985 43342271   23.29%
 2958007 2718078      798.9033    88      820.0000      628.9985 43450187   23.29%
 2965181 2725926      689.6192   177      820.0000      628.9985 43568456   23.29%
 2972631 2732879      725.4833   163      820.0000      628.9985 43679295   23.29%
Elapsed time = 2381.87 sec. (942538.83 ticks, tree = 20241.92 MB, solutions = 9)
Nodefile size = 18188.93 MB (9975.91 MB after compression)
 2981237 2740162      741.5022   103      820.0000      628.9985 43787786   23.29%
 2990923 2748769      739.4794   156      820.0000      628.9985 43922568   23.29%
 2998840 2757405      683.5040   177      820.0000      628.9985 44048942   23.29%
 3006510 2763794      753.5444   101      820.0000      628.9985 44150048   23.29%
 3014701 2773378      698.8328   133      820.0000      628.9985 44290904   23.29%
 3022880 2778413      720.7208   163      820.0000      628.9985 44368940   23.29%
 3034524 2790730      760.5833    99      820.0000      628.9985 44584019   23.29%
 3039415 2794464      749.7425   176      820.0000      629.0035 44644303   23.29%
 3043681 2799074      817.6458    65      820.0000      629.0035 44719385   23.29%
 3050358 2803922      697.7088   134      820.0000      629.0035 44795235   23.29%
Elapsed time = 2459.76 sec. (980691.24 ticks, tree = 20913.68 MB, solutions = 9)
Nodefile size = 18846.75 MB (10338.51 MB after compression)
 3057207 2811299      758.7471   151      820.0000      629.0035 44907840   23.29%
 3065514 2818584      794.8091    93      820.0000      629.0035 45017852   23.29%
 3073285 2827418      693.1756   149      820.0000      629.0035 45158564   23.29%
 3084298 2836162      740.3472   161      820.0000      629.0035 45292596   23.29%
 3089936 2842223      780.9430   152      820.0000      629.0035 45389493   23.29%
 3093301 2847432      800.0635    69      820.0000      629.0035 45471486   23.29%
 3106714 2858168      785.9212   109      820.0000      629.1544 45651640   23.27%
 3127996 2879297      807.5873    84      820.0000      629.2667 46057858   23.26%
 3149161 2896176      799.8627    77      820.0000      630.0124 46387151   23.17%
 3169218 2919221      665.7801   166      820.0000      630.3981 46791864   23.12%
Elapsed time = 2554.26 sec. (1019663.39 ticks, tree = 21413.28 MB, solutions = 9)
Nodefile size = 19354.43 MB (10616.55 MB after compression)
 3186113 2931788      657.3631   187      820.0000      630.4405 46995685   23.12%
 3193399 2941005      748.2093   134      820.0000      630.4405 47135585   23.12%
 3203036 2948925      734.7501   158      820.0000      630.4405 47256665   23.12%
 3211495 2955665      691.4805   163      820.0000      630.4405 47356133   23.12%
 3220639 2964481      728.6602   126      820.0000      630.4405 47489770   23.12%
 3229190 2972671      707.0667   104      820.0000      630.4405 47614842   23.12%
 3238122 2980418      755.5725   146      820.0000      630.4405 47730951   23.12%
 3248848 2990709      684.3340   165      820.0000      630.4405 47888351   23.12%
 3257575 2999657      660.9161   135      820.0000      630.4405 48023367   23.12%
 3267400 3009737      730.5776   156      820.0000      630.4405 48173245   23.12%
Elapsed time = 2650.12 sec. (1057815.78 ticks, tree = 22273.07 MB, solutions = 9)
Nodefile size = 20219.10 MB (11095.61 MB after compression)
 3275762 3017388      693.6461   127      820.0000      630.4405 48293496   23.12%
 3284474 3024053      677.7295   157      820.0000      630.4405 48390293   23.12%
 3294107 3032499      692.3880   132      820.0000      630.4405 48515429   23.12%
 3302964 3042789      716.2024   156      820.0000      630.4405 48666988   23.12%
 3310510 3048962      700.9457   163      820.0000      630.4405 48760877   23.12%
 3318918 3056217      682.1149   159      820.0000      630.4405 48871800   23.12%
 3325974 3063509      754.3131   164      820.0000      630.4405 48986117   23.12%
 3334012 3071118        cutoff            820.0000      630.4405 49098908   23.12%
 3342623 3079275      668.5897   177      820.0000      630.4405 49226050   23.12%
 3349426 3085963      735.2040   116      820.0000      630.4405 49323183   23.12%
Elapsed time = 2733.17 sec. (1095969.08 ticks, tree = 23071.96 MB, solutions = 9)
Nodefile size = 21011.54 MB (11533.23 MB after compression)
 3357085 3092008      735.4582   144      820.0000      630.4405 49418078   23.12%
 3364983 3099360      681.0762   180      820.0000      630.4405 49524753   23.12%
 3372066 3107114      727.5468    98      820.0000      630.4405 49639357   23.12%
 3379079 3114237      786.0185    72      820.0000      630.4405 49747004   23.12%
 3386869 3121225      671.2201   150      820.0000      630.4405 49857321   23.12%
 3393503 3126481      752.2583    95      820.0000      630.4405 49931785   23.12%
 3399365 3132417      680.6036   190      820.0000      630.4405 50024400   23.12%
 3406568 3139388      667.0914   155      820.0000      630.4405 50127456   23.12%
 3412242 3145267      673.2228   155      820.0000      630.4405 50214333   23.12%
 3418881 3150743      711.0275   154      820.0000      630.4405 50309833   23.12%
Elapsed time = 2805.43 sec. (1134127.94 ticks, tree = 23735.54 MB, solutions = 9)
Nodefile size = 21680.28 MB (11903.45 MB after compression)
 3422726 3155482      715.4714   116      820.0000      630.4405 50389730   23.12%
 3432659 3164747      666.8766   218      820.0000      630.4405 50554901   23.12%
 3452872 3183141      679.9038   122      820.0000      630.6435 50886569   23.09%
 3461726 3191052      711.1370   106      820.0000      630.6503 51025945   23.09%
 3467562 3197496      679.9147   163      820.0000      630.6503 51123933   23.09%
 3474716 3202882      679.8164   175      820.0000      630.6503 51204833   23.09%
 3480729 3208933      691.3323   176      820.0000      630.6503 51298854   23.09%
 3487016 3215819      678.6574   140      820.0000      630.6503 51401115   23.09%
 3494272 3220978      812.4514    78      820.0000      630.6503 51480952   23.09%
 3501443 3227683      716.6922   165      820.0000      630.6503 51580585   23.09%
Elapsed time = 2880.63 sec. (1172277.79 ticks, tree = 24278.98 MB, solutions = 9)
Nodefile size = 22212.10 MB (12195.75 MB after compression)
 3507542 3234075      674.6706   149      820.0000      630.6503 51673833   23.09%
 3513788 3239776      683.7822   164      820.0000      630.6503 51760933   23.09%
 3520687 3246201      780.2733   143      820.0000      630.6503 51853328   23.09%
 3526311 3251571      804.9046    87      820.0000      630.6503 51933420   23.09%
 3532202 3258169      668.7754   145      820.0000      630.6503 52033923   23.09%
 3537822 3263065      694.7344   107      820.0000      630.6503 52107446   23.09%
 3543468 3267813      669.2824   176      820.0000      630.6503 52182808   23.09%
 3549637 3273065      816.6667   112      820.0000      630.6503 52268723   23.09%
 3554341 3278521        cutoff            820.0000      630.6503 52348270   23.09%
 3562213 3284173      726.6356   119      820.0000      630.6503 52444383   23.09%
Elapsed time = 2946.58 sec. (1210615.49 ticks, tree = 24830.42 MB, solutions = 9)
Nodefile size = 22775.67 MB (12507.31 MB after compression)
 3575013 3300099      743.4967   117      820.0000      630.6771 52721045   23.09%
 3591178 3314496      673.7592   194      820.0000      631.5911 53005023   22.98%
 3612253 3325370      687.1844   151      820.0000      631.8313 53199957   22.95%
 3630399 3348954      695.4652   111      820.0000      632.0723 53643214   22.92%
*3632536 3351799      integral     0      813.0000      632.1170 53684462   22.25%
 3633075 3353477      711.9482   149      813.0000      632.1395 53708866   22.25%
 3639167 3343559      723.3666   171      813.0000      632.1645 53772481   22.24%
 3644774 3348543      674.5908   203      813.0000      632.1645 53847808   22.24%
 3649880 3353791      685.8373   124      813.0000      632.1645 53927885   22.24%
 3656149 3358961      677.2033   164      813.0000      632.1645 54004783   22.24%
*3660338 3363072      integral     0      812.0000      632.1645 54065283   22.15%
Elapsed time = 3023.76 sec. (1248176.02 ticks, tree = 25162.58 MB, solutions = 10)
Nodefile size = 23102.74 MB (12685.00 MB after compression)
 3664734 3363969      663.2880   150      812.0000      632.1645 54132161   22.15%
 3670180 3369756      738.5496   113      812.0000      632.1645 54220916   22.15%
 3676112 3374610      702.5879   172      812.0000      632.1645 54296228   22.15%
 3682092 3379801      795.5576    88      812.0000      632.1645 54375803   22.15%
 3687761 3385042      733.5189   129      812.0000      632.1645 54454549   22.15%
 3692774 3390874      663.1080   163      812.0000      632.1645 54541168   22.15%
 3699675 3396164      709.6029   149      812.0000      632.1645 54624118   22.15%
 3705328 3402001      686.3745   138      812.0000      632.1645 54708439   22.15%
 3709915 3406851      777.5522    97      812.0000      632.1645 54782036   22.15%
 3715515 3411630      720.8553   169      812.0000      632.1645 54857512   22.15%
Elapsed time = 3084.43 sec. (1286335.27 ticks, tree = 25685.68 MB, solutions = 11)
Nodefile size = 23624.38 MB (12974.27 MB after compression)
 3720851 3416455      755.7057   111      812.0000      632.1645 54930792   22.15%
 3726352 3422510      738.5604   157      812.0000      632.1645 55022624   22.15%
 3731716 3426559      755.7582   156      812.0000      632.1645 55087973   22.15%
 3736688 3431243      797.6042    87      812.0000      632.1645 55160302   22.15%
 3742209 3435975      769.5280    96      812.0000      632.1645 55232785   22.15%
 3747456 3441829      789.8278    90      812.0000      632.1645 55321324   22.15%
 3752952 3446786      779.5121   121      812.0000      632.1645 55398547   22.15%
 3758735 3451692      674.5201   129      812.0000      632.1645 55477588   22.15%
 3763540 3456537      780.2051   100      812.0000      632.1645 55551128   22.15%
 3768665 3461476      801.9061    74      812.0000      632.1645 55625222   22.15%
Elapsed time = 3142.85 sec. (1324489.57 ticks, tree = 26209.82 MB, solutions = 11)
Nodefile size = 24149.14 MB (13265.52 MB after compression)
 3774836 3466594      680.6085   181      812.0000      632.1645 55704937   22.15%
 3781503 3472801      753.1136   150      812.0000      632.1645 55801150   22.15%
 3788020 3480145      767.0845   102      812.0000      632.1645 55915516   22.15%
 3793933 3485058      744.4200   111      812.0000      632.1645 55987806   22.15%
 3799264 3489984      721.0000   120      812.0000      632.1645 56061218   22.15%
 3806135 3495684      657.6510   136      812.0000      632.1645 56147845   22.15%
 3812624 3503106      730.0945   159      812.0000      632.1645 56262661   22.15%
 3819374 3509161      801.4694   101      812.0000      632.1645 56355326   22.15%
 3826204 3514529      677.5828   147      812.0000      632.1645 56434637   22.15%
 3833346 3522204      754.6899   158      812.0000      632.1645 56552876   22.15%
Elapsed time = 3213.27 sec. (1362643.08 ticks, tree = 26846.77 MB, solutions = 11)
Nodefile size = 24789.22 MB (13621.02 MB after compression)
 3839718 3528533      672.3982   170      812.0000      632.1645 56647885   22.15%
 3847127 3534857      666.6882   135      812.0000      632.1645 56748089   22.15%
 3854887 3540377      803.7024    63      812.0000      632.1645 56838092   22.15%
 3861979 3550238      735.7190   110      812.0000      632.1645 56992105   22.15%
 3870698 3557731      685.4219   202      812.0000      632.1942 57104624   22.14%
 3875305 3560965      665.1457   188      812.0000      632.1942 57158741   22.14%
 3879709 3565368      722.0897   180      812.0000      632.1942 57231185   22.14%
 3889389 3576068      731.6708   101      812.0000      632.1942 57414312   22.14%
 3902890 3590335      690.4321   174      812.0000      632.4120 57658767   22.12%
 3924548 3603877      800.2740    79      812.0000      632.4575 57918178   22.11%
Elapsed time = 3293.39 sec. (1400792.25 ticks, tree = 27351.16 MB, solutions = 11)
Nodefile size = 25296.11 MB (13900.40 MB after compression)
 3941046 3624076      699.5476   170      812.0000      632.5778 58306980   22.10%
 3945661 3627019      784.4202    98      812.0000      632.5991 58352042   22.09%
 3953399 3633232      691.9838   178      812.0000      632.5991 58452433   22.09%
 3959816 3639349        cutoff            812.0000      632.5991 58545837   22.09%
 3966324 3645707      690.4497   154      812.0000      632.5991 58641369   22.09%
 3973852 3651603      707.9357   179      812.0000      632.5991 58727494   22.09%
 3980847 3658825      721.1612    92      812.0000      632.5991 58838740   22.09%
 3986589 3665210      753.6613   156      812.0000      632.5991 58934318   22.09%
 3992225 3669418      766.8308   179      812.0000      632.5991 58997234   22.09%
 3999197 3676632      787.5951   127      812.0000      632.5991 59105667   22.09%
Elapsed time = 3366.97 sec. (1438943.73 ticks, tree = 27917.29 MB, solutions = 11)
Nodefile size = 25853.60 MB (14209.93 MB after compression)
 4008400 3683619      762.8943   132      812.0000      632.5991 59213074   22.09%
 4014239 3689934      783.2170   123      812.0000      632.5991 59310090   22.09%
 4021066 3697110      717.7801   119      812.0000      632.5991 59420366   22.09%
 4027939 3702493      788.3052    94      812.0000      632.5991 59501157   22.09%
 4034797 3709113      711.9489   167      812.0000      632.5991 59600969   22.09%
 4041528 3715795      792.1000    63      812.0000      632.5991 59704853   22.09%
 4048476 3722218      683.2601   167      812.0000      632.5991 59802828   22.09%
 4056476 3729560      714.8650   157      812.0000      632.5991 59916451   22.09%
 4063065 3736018      639.1308   204      812.0000      632.5991 60014810   22.09%
 4068524 3741114      771.7044   130      812.0000      632.5991 60091680   22.09%
Elapsed time = 3440.37 sec. (1477094.99 ticks, tree = 28597.35 MB, solutions = 11)
Nodefile size = 26531.33 MB (14585.67 MB after compression)
 4075582 3748348      754.0082   128      812.0000      632.5991 60203582   22.09%
 4082551 3754866      714.7835   173      812.0000      632.5991 60299330   22.09%
 4093259 3762008      709.2048   113      812.0000      632.5991 60413869   22.09%
 4099133 3768532      731.9352   143      812.0000      632.6981 60522426   22.08%
 4120303 3792403      705.8355   111      812.0000      633.5617 60934185   21.98%
 4140804 3810255      655.9067   137      812.0000      633.6554 61269638   21.96%
 4149489 3817857      689.6903   178      812.0000      633.6890 61382211   21.96%
 4155886 3822781      802.3749   100      812.0000      633.6890 61457350   21.96%
 4163273 3831567      786.9106   102      812.0000      633.6890 61591380   21.96%
 4171174 3838130      738.6941   165      812.0000      633.6890 61698345   21.96%
Elapsed time = 3537.71 sec. (1515243.89 ticks, tree = 29149.48 MB, solutions = 11)
Nodefile size = 27090.31 MB (14894.40 MB after compression)
 4178902 3843861      695.7083   112      812.0000      633.6890 61786522   21.96%
 4186954 3851895      721.6369   109      812.0000      633.6890 61904715   21.96%
 4194732 3858635      672.5305   183      812.0000      633.6890 62006870   21.96%
 4202271 3867067      740.8693   164      812.0000      633.6890 62139213   21.96%
 4209956 3873402      793.8143    69      812.0000      633.6890 62240613   21.96%
 4216560 3880271      663.6822   139      812.0000      633.6890 62345203   21.96%
 4225533 3889171      786.9832   114      812.0000      633.6890 62484978   21.96%
 4233367 3895707      723.0225   159      812.0000      633.6890 62586718   21.96%
 4240171 3903260      777.7052   136      812.0000      633.6890 62700376   21.96%
 4247267 3909704      677.6947   196      812.0000      633.6890 62798792   21.96%
Elapsed time = 3624.11 sec. (1553394.27 ticks, tree = 29903.63 MB, solutions = 11)
Nodefile size = 27845.79 MB (15312.81 MB after compression)
 4255092 3916097      714.1841   150      812.0000      633.6890 62899985   21.96%
 4262888 3923117      791.6690    93      812.0000      633.6890 63005880   21.96%
 4268672 3928795      787.4934    89      812.0000      633.6890 63089998   21.96%
 4274767 3935513      768.5107    96      812.0000      633.6890 63196073   21.96%
 4281696 3941597      771.1561   147      812.0000      633.6890 63286638   21.96%
 4288496 3948066      794.7708    79      812.0000      633.6890 63390250   21.96%
 4296397 3956062      775.4236   109      812.0000      633.6890 63509165   21.96%
 4303983 3962180      636.0900   196      812.0000      633.6890 63608452   21.96%
 4311213 3968892      750.1577   169      812.0000      633.6890 63711830   21.96%
 4317070 3975227      768.2894    85      812.0000      633.6890 63805893   21.96%
Elapsed time = 3703.95 sec. (1591548.19 ticks, tree = 30594.26 MB, solutions = 11)
Nodefile size = 28539.47 MB (15698.23 MB after compression)
 4322999 3979669      803.5000    45      812.0000      633.6890 63872674   21.96%
 4329844 3987717      682.9684   153      812.0000      633.6890 63995740   21.96%
 4336842 3993228      810.4833   121      812.0000      633.6890 64078954   21.96%
 4342588 3999301      712.9286   137      812.0000      633.6890 64173735   21.96%
 4348762 4004332      730.6257   126      812.0000      633.6890 64253137   21.96%
 4355333 4010450      758.0028   162      812.0000      633.6890 64344535   21.96%
 4362232 4016196      785.7523    99      812.0000      633.6890 64433080   21.96%
 4367913 4023144      754.2775   152      812.0000      633.6890 64535032   21.96%
 4372880 4027786      792.7500    51      812.0000      633.6890 64607695   21.96%
 4379678 4033659      672.6903   109      812.0000      633.6890 64710958   21.96%
Elapsed time = 3780.33 sec. (1629698.62 ticks, tree = 31184.09 MB, solutions = 11)
Nodefile size = 29125.94 MB (16023.17 MB after compression)
 4390330 4042111      675.5929   174      812.0000      633.8685 64852376   21.94%
 4397667 4050889      688.2735   170      812.0000      633.8685 64984319   21.94%
 4404298 4055782      736.1458    85      812.0000      633.8685 65060467   21.94%
 4409473 4060810      716.7204   123      812.0000      633.8685 65140445   21.94%
 4415357 4065300      695.0326   141      812.0000      633.8685 65211041   21.94%
 4420494 4071033      672.2207   163      812.0000      633.8685 65298344   21.94%
 4425779 4075856      780.1079   128      812.0000      633.8685 65373318   21.94%
 4431896 4081816      696.4628   186      812.0000      633.8685 65460957   21.94%
 4437819 4086006      729.4531   171      812.0000      633.8685 65526465   21.94%
 4443391 4092367      803.9514    86      812.0000      633.8685 65618164   21.94%
Elapsed time = 3847.25 sec. (1667852.66 ticks, tree = 31758.23 MB, solutions = 11)
Nodefile size = 29694.41 MB (16338.10 MB after compression)
 4448252 4096223      688.2513   165      812.0000      633.8685 65674569   21.94%
 4453444 4101785      703.3238   157      812.0000      633.8685 65758207   21.94%
 4458764 4106782      685.0051    99      812.0000      633.8685 65837139   21.94%
 4463893 4111723      672.9554   182      812.0000      633.8685 65912115   21.94%
 4469098 4116588      742.6635   124      812.0000      633.8685 65986911   21.94%
 4475779 4121607      783.5315   135      812.0000      633.8685 66075775   21.94%
 4481434 4128161      666.0929   123      812.0000      633.8685 66186916   21.94%
 4486429 4132735      766.0606    90      812.0000      633.8685 66266099   21.94%
 4498782 4148128      799.9303    64      812.0000      633.8685 66550196   21.94%
 4517519 4158271      759.5041   125      812.0000      634.2701 66745140   21.89%
Elapsed time = 3922.94 sec. (1706011.76 ticks, tree = 32206.40 MB, solutions = 11)
Nodefile size = 30151.13 MB (16589.62 MB after compression)
 4538803 4177505      800.0417    68      812.0000      634.4314 67099371   21.87%
 4550606 4193359      801.6585   123      812.0000      634.6064 67375451   21.85%
 4555783 4198381      756.3149   120      812.0000      634.7040 67454109   21.83%
 4561558 4204087      740.0136   151      812.0000      634.7040 67543419   21.83%
 4566690 4208976      787.4114   103      812.0000      634.7040 67618508   21.83%
 4572468 4212914      762.1868   156      812.0000      634.7040 67680479   21.83%
 4577974 4218945      728.3805   134      812.0000      634.7040 67772639   21.83%
 4583556 4224742      712.3807   147      812.0000      634.7040 67863028   21.83%
 4589896 4230309      810.6990    72      812.0000      634.7040 67951937   21.83%
 4595802 4235504      759.1048   114      812.0000      634.7040 68031941   21.83%
Elapsed time = 3999.82 sec. (1744517.35 ticks, tree = 32679.80 MB, solutions = 11)
Nodefile size = 30622.84 MB (16850.61 MB after compression)
 4600532 4239519      733.4384   135      812.0000      634.7040 68094004   21.83%
 4605234 4244177      670.6649   176      812.0000      634.7040 68165254   21.83%
 4610724 4249681      712.6460   108      812.0000      634.7040 68251893   21.83%
 4616684 4254591      795.3726   108      812.0000      634.7040 68326902   21.83%
 4621410 4258720      804.7500    73      812.0000      634.7040 68387574   21.83%
 4626365 4264283      679.1267   175      812.0000      634.7040 68470990   21.83%
 4631526 4268379      776.8326    90      812.0000      634.7040 68532978   21.83%
 4636645 4273070      753.6258   126      812.0000      634.7040 68604154   21.83%
 4641784 4278716      743.0120    97      812.0000      634.7040 68690253   21.83%
 4647291 4282945      802.8103   118      812.0000      634.7040 68754036   21.83%
Elapsed time = 4060.13 sec. (1782672.42 ticks, tree = 33181.52 MB, solutions = 11)
Nodefile size = 31113.23 MB (17123.05 MB after compression)
 4652578 4287849      760.6598   100      812.0000      634.7040 68825265   21.83%
 4657209 4292708      737.4271   107      812.0000      634.7040 68899426   21.83%
 4662210 4297345      716.5865   165      812.0000      634.7040 68975157   21.83%
 4667160 4302948      671.7332   188      812.0000      634.7040 69062230   21.83%
 4673020 4307820      672.9610   178      812.0000      634.7040 69141258   21.83%
 4679265 4313734      710.5658   128      812.0000      634.7040 69232957   21.83%
 4685541 4320689      796.0514    56      812.0000      634.7040 69350285   21.83%
 4693395 4325384      730.0648    95      812.0000      634.7778 69422110   21.83%
 4709067 4336511      709.3286   174      812.0000      635.5648 69631921   21.73%
 4727951 4359943      677.4120   146      812.0000      635.6136 70060694   21.72%
Elapsed time = 4140.33 sec. (1820823.77 ticks, tree = 33669.31 MB, solutions = 11)
Nodefile size = 31614.67 MB (17399.83 MB after compression)
 4748218 4377177      707.0688   200      812.0000      635.7414 70394930   21.71%
 4769986 4397934      656.4001   152      812.0000      636.0436 70790984   21.67%
 4789867 4417226      670.3310   164      812.0000      636.1442 71120980   21.66%
 4800129 4426114      668.6811   147      812.0000      636.1558 71269324   21.66%
 4803266 4428688      768.5291    99      812.0000      636.1606 71308094   21.66%
 4808207 4432605        cutoff            812.0000      636.1606 71371060   21.66%
 4813418 4437752      716.5059   119      812.0000      636.1606 71447885   21.66%
 4818180 4443281      791.6818    84      812.0000      636.1606 71533657   21.66%
 4823159 4447122      778.4500    89      812.0000      636.1606 71594808   21.66%
 4827489 4451243      736.3350   151      812.0000      636.1606 71658990   21.66%
Elapsed time = 4227.97 sec. (1858974.27 ticks, tree = 33996.60 MB, solutions = 11)
Nodefile size = 31936.30 MB (17578.62 MB after compression)
 4831658 4455773      747.9656   137      812.0000      636.1606 71728866   21.66%
 4836241 4459702      732.8569   123      812.0000      636.1606 71786082   21.66%
 4841409 4464330      786.6667    51      812.0000      636.1606 71853564   21.66%
 4846205 4468472      727.1639   108      812.0000      636.1606 71917380   21.66%
 4850709 4473951      743.9689   145      812.0000      636.1606 71999507   21.66%
 4856068 4478136      683.9512   198      812.0000      636.1606 72063379   21.66%
 4861112 4482792      790.1042   116      812.0000      636.1606 72134909   21.66%
 4865414 4487361      702.0776   145      812.0000      636.1606 72201868   21.66%
 4869788 4491032      785.1082   124      812.0000      636.1606 72260140   21.66%
 4874687 4495754      718.3099   164      812.0000      636.1606 72329017   21.66%
Elapsed time = 4289.51 sec. (1897133.14 ticks, tree = 34466.98 MB, solutions = 11)
Nodefile size = 32404.97 MB (17837.91 MB after compression)
 4879115 4499389      688.3628   190      812.0000      636.1606 72388998   21.66%
 4883995 4504178        cutoff            812.0000      636.1606 72463309   21.66%
 4888460 4508721      666.6900   192      812.0000      636.1606 72528343   21.66%
 4893283 4512459      747.4304   140      812.0000      636.1606 72585714   21.66%
 4898331 4517284        cutoff            812.0000      636.1606 72660347   21.66%
 4904038 4523095      664.6420   121      812.0000      636.1606 72749707   21.66%
 4908139 4527670      762.9462   146      812.0000      636.1606 72815173   21.66%
 4913214 4531615      705.1895   120      812.0000      636.1606 72877320   21.66%
 4918364 4536466      686.6507   198      812.0000      636.1606 72951086   21.66%
 4923341 4541358      671.4972   194      812.0000      636.1606 73024901   21.66%
Elapsed time = 4351.75 sec. (1935299.80 ticks, tree = 34948.30 MB, solutions = 11)
Nodefile size = 32888.35 MB (18106.47 MB after compression)
 4928297 4546045      787.3663    87      812.0000      636.1606 73097580   21.66%
 4933830 4551744      778.4314    87      812.0000      636.1606 73187440   21.66%
 4939355 4556704      682.5814   131      812.0000      636.1606 73265420   21.66%
 4944765 4560827      680.8580   186      812.0000      636.1606 73330581   21.66%
 4949775 4565549      676.5651   181      812.0000      636.1606 73401000   21.66%
 4954588 4570328        cutoff            812.0000      636.1606 73471401   21.66%
 4959863 4575168      679.3293   172      812.0000      636.1606 73546895   21.66%
 4964988 4579996      697.0185   169      812.0000      636.1606 73618183   21.66%
 4970311 4584212      747.7234   140      812.0000      636.1606 73681313   21.66%
 4974821 4588871      809.4412    75      812.0000      636.1606 73753017   21.66%
Elapsed time = 4418.34 sec. (1973449.86 ticks, tree = 35450.39 MB, solutions = 11)
Nodefile size = 33385.70 MB (18382.07 MB after compression)
 4980333 4594515      697.2973   144      812.0000      636.1606 73838075   21.66%
 4985419 4599302      693.4690   128      812.0000      636.1606 73909823   21.66%
 4989934 4603255      773.8707    95      812.0000      636.1606 73971325   21.66%
 4994584 4607903      800.4466    92      812.0000      636.1606 74044483   21.66%
 5000305 4613001      718.1988   170      812.0000      636.1606 74121463   21.66%
 5005633 4617902      779.3057    84      812.0000      636.1606 74195048   21.66%
 5009963 4622329      769.0146   126      812.0000      636.1606 74265655   21.66%
 5014401 4626013      675.0879   181      812.0000      636.1606 74324485   21.66%
 5019184 4631370      764.3262   100      812.0000      636.1606 74400412   21.66%
 5024115 4635345      704.6753   160      812.0000      636.1606 74461331   21.66%
Elapsed time = 4479.64 sec. (2011609.04 ticks, tree = 35940.85 MB, solutions = 11)
Nodefile size = 33877.06 MB (18654.03 MB after compression)
 5028952 4640241      705.2876   208      812.0000      636.1606 74535175   21.66%
 5034211 4644930      729.3095   105      812.0000      636.1606 74608708   21.66%
 5038861 4648970      669.5690   169      812.0000      636.1606 74665904   21.66%
 5043267 4653351      674.9974   171      812.0000      636.1606 74732512   21.66%
 5048367 4658240      686.5626   202      812.0000      636.1606 74809182   21.66%
 5052820 4662558      689.4548   175      812.0000      636.1606 74875330   21.66%
 5057872 4666724      694.2713   109      812.0000      636.1606 74936758   21.66%
 5062277 4671201      679.5069   172      812.0000      636.1606 75003586   21.66%
 5067013 4675260      763.5262    80      812.0000      636.1606 75066483   21.66%
 5072278 4680735      728.2553   141      812.0000      636.1606 75149558   21.66%
Elapsed time = 4539.16 sec. (2049763.78 ticks, tree = 36420.23 MB, solutions = 11)
Nodefile size = 34358.39 MB (18920.29 MB after compression)
 5076848 4685147      675.9978   152      812.0000      636.1606 75219852   21.66%
 5081352 4689078      809.0035    68      812.0000      636.1606 75280931   21.66%
 5086476 4693742      695.6500   138      812.0000      636.1606 75351931   21.66%
 5091670 4698553      804.4167   147      812.0000      636.1606 75421740   21.66%
 5096178 4702630      805.0952    53      812.0000      636.1606 75481680   21.66%
 5101636 4708355      738.6104   132      812.0000      636.1606 75571438   21.66%
 5106765 4712390      697.7033   187      812.0000      636.1606 75635531   21.66%
 5111856 4717789      719.2334   160      812.0000      636.1606 75712530   21.66%
 5115726 4722189      788.0210    87      812.0000      636.1606 75781490   21.66%
 5120688 4725996      705.5750   120      812.0000      636.1606 75839981   21.66%
Elapsed time = 4601.08 sec. (2087916.59 ticks, tree = 36898.89 MB, solutions = 11)
Nodefile size = 34832.73 MB (19183.10 MB after compression)
 5126246 4731214      793.3655   115      812.0000      636.1606 75925331   21.66%
 5131467 4735851      671.5879   217      812.0000      636.1606 75997395   21.66%
 5136193 4739676      707.7691   126      812.0000      636.1606 76058272   21.66%
 5141250 4745309      733.9015   101      812.0000      636.1606 76142034   21.66%
 5146432 4750032      795.8750    69      812.0000      636.1606 76211412   21.66%
 5151570 4755057      705.5690   125      812.0000      636.1606 76287033   21.66%
 5156522 4759234      673.6776   196      812.0000      636.1606 76350469   21.66%
 5161351 4764555      715.0618   148      812.0000      636.1606 76433747   21.66%
 5166527 4769079      660.8285   190      812.0000      636.1606 76505960   21.66%
 5171631 4773378      753.1114   164      812.0000      636.1606 76570978   21.66%
Elapsed time = 4667.87 sec. (2126084.96 ticks, tree = 37399.43 MB, solutions = 11)
Nodefile size = 35335.97 MB (19462.21 MB after compression)
 5176655 4778017      697.9060   131      812.0000      636.1606 76643860   21.66%
 5182304 4783317      696.5422   170      812.0000      636.1606 76719203   21.66%
 5187375 4787823      676.4951   191      812.0000      636.1606 76795016   21.66%
 5192518 4793667      761.8330   114      812.0000      636.1606 76884341   21.66%
 5197357 4797380      729.0657   131      812.0000      636.1606 76943470   21.66%
 5202926 4802142      735.8984   157      812.0000      636.1606 77016283   21.66%
 5207732 4806436      792.5047   107      812.0000      636.1606 77077347   21.66%
 5211996 4810917      688.2893   193      812.0000      636.1606 77145283   21.66%
 5216858 4815611      700.2802   168      812.0000      636.1606 77216809   21.66%
 5221933 4820105        cutoff            812.0000      636.1606 77283772   21.66%
Elapsed time = 4728.47 sec. (2164238.64 ticks, tree = 37893.47 MB, solutions = 11)
Nodefile size = 35831.69 MB (19736.07 MB after compression)
 5225903 4823970      705.3096   173      812.0000      636.1606 77343200   21.66%
 5230397 4828359      715.7193   109      812.0000      636.1606 77410444   21.66%
 5235913 4833017      672.6448   192      812.0000      636.1606 77480143   21.66%
 5240642 4837925      699.8426   127      812.0000      636.1606 77550678   21.66%
 5244946 4841830      694.8543   187      812.0000      636.1606 77611330   21.66%
 5249256 4845677      673.5161   169      812.0000      636.1606 77667348   21.66%
 5253874 4850339      772.1478   137      812.0000      636.1606 77741495   21.66%
 5258258 4854244      779.5879    89      812.0000      636.1606 77804155   21.66%
 5262587 4858730      750.0111    93      812.0000      636.1606 77874934   21.66%
 5267269 4862533      692.3921   154      812.0000      636.1606 77935438   21.66%
Elapsed time = 4786.23 sec. (2202407.60 ticks, tree = 38342.23 MB, solutions = 11)
Nodefile size = 36275.21 MB (19982.17 MB after compression)
 5271795 4866821      783.5837    95      812.0000      636.1606 78000903   21.66%
 5276432 4871342      708.9632   164      812.0000      636.1606 78070835   21.66%
 5280419 4874925      741.3950   114      812.0000      636.1606 78126195   21.66%
 5285128 4879540      810.5556    85      812.0000      636.1606 78197699   21.66%
 5289651 4883919      747.4524   114      812.0000      636.1606 78266748   21.66%
 5296007 4888612      769.5614   156      812.0000      636.1606 78335546   21.66%
 5300892 4893565      714.1257   148      812.0000      636.1606 78409113   21.66%
 5305768 4898037      682.3838   178      812.0000      636.1606 78478864   21.66%
 5310916 4903077        cutoff            812.0000      636.1606 78553655   21.66%
 5315194 4907456      659.9370   186      812.0000      636.1606 78621383   21.66%
Elapsed time = 4843.85 sec. (2240567.35 ticks, tree = 38817.39 MB, solutions = 11)
Nodefile size = 36759.49 MB (20250.15 MB after compression)
 5320239 4911609      770.6481   148      812.0000      636.1606 78683909   21.66%
 5325191 4917240      711.6204   173      812.0000      636.1606 78769840   21.66%
 5329528 4921007      799.2273    81      812.0000      636.1606 78827328   21.66%
 5334590 4925641        cutoff            812.0000      636.1606 78899631   21.66%
 5338587 4929894      675.1480   136      812.0000      636.1606 78963282   21.66%
 5343218 4933759      769.6975   127      812.0000      636.1606 79024473   21.66%
 5347194 4937248      684.7018   164      812.0000      636.1606 79077120   21.66%
 5351247 4941446      774.3300    56      812.0000      636.1606 79142616   21.66%
 5356302 4946330        cutoff            812.0000      636.1606 79218232   21.66%
 5362147 4951204      708.4167    96      812.0000      636.1606 79292933   21.66%
Elapsed time = 4902.31 sec. (2278719.25 ticks, tree = 39279.47 MB, solutions = 11)
Nodefile size = 37215.91 MB (20503.08 MB after compression)
 5368467 4957150      693.4873   154      812.0000      636.1606 79383306   21.66%
 5373260 4961532      745.1301   149      812.0000      636.1606 79445078   21.66%
 5378231 4966322      672.4200   131      812.0000      636.1606 79519440   21.66%
 5383571 4971150      745.2713   115      812.0000      636.1606 79593134   21.66%
 5388954 4977211      672.8307   123      812.0000      636.1606 79681308   21.66%
 5396003 4983168      760.5839   130      812.0000      636.1606 79774309   21.66%
 5401613 4988464      806.5556    98      812.0000      636.1606 79853751   21.66%
 5406465 4992701      715.6218   170      812.0000      636.1606 79915906   21.66%
 5411805 4997250      722.6941   131      812.0000      636.1606 79986868   21.66%
 5416617 5002040      719.6645   124      812.0000      636.1606 80057753   21.66%
Elapsed time = 4964.08 sec. (2316902.20 ticks, tree = 39815.06 MB, solutions = 11)
Nodefile size = 37749.60 MB (20797.87 MB after compression)
 5422083 5006935      700.9305   189      812.0000      636.1606 80134331   21.66%
 5427906 5013156      723.6788   149      812.0000      636.1606 80227306   21.66%
 5434306 5018554      707.7474   163      812.0000      636.1606 80307780   21.66%
 5437630 5021376      724.6572   141      812.0000      636.1606 80351598   21.66%
 5441051 5024769      706.2634   159      812.0000      636.1606 80401071   21.66%
 5446767 5029933      743.0214   163      812.0000      636.1606 80478415   21.66%
 5452562 5036017      680.3434   143      812.0000      636.1606 80570377   21.66%
 5460274 5041560      686.4412   148      812.0000      636.1606 80653575   21.66%
 5466778 5048149      740.7953   160      812.0000      636.1606 80753189   21.66%
 5474061 5055799        cutoff            812.0000      636.1606 80872793   21.66%
Elapsed time = 5034.10 sec. (2355056.54 ticks, tree = 40370.48 MB, solutions = 11)
Nodefile size = 38306.25 MB (21107.31 MB after compression)
 5481719 5063350      682.5475   160      812.0000      636.1606 80987628   21.66%
 5487449 5068533      761.7993   169      812.0000      636.1606 81068387   21.66%
 5492021 5073871      714.3916   177      812.0000      636.1606 81158011   21.66%
 5501736 5081073      761.8157   135      812.0000      636.1606 81268438   21.66%
 5516358 5096673      693.5916   197      812.0000      636.3024 81527081   21.64%
 5538172 5113692      703.4235   177      812.0000      636.3337 81861452   21.63%
 5545532 5123555      737.7444   155      812.0000      636.3430 82047906   21.63%
 5547596 5125463      803.8780    77      812.0000      636.3466 82076829   21.63%
 5552778 5130366      725.8000   107      812.0000      636.3728 82152031   21.63%
 5557176 5135123      699.3091   186      812.0000      636.3728 82220539   21.63%
Elapsed time = 5109.95 sec. (2393952.04 ticks, tree = 40777.51 MB, solutions = 11)
Nodefile size = 38719.46 MB (21334.74 MB after compression)
 5564571 5141149      712.2274   144      812.0000      636.3728 82314925   21.63%
 5569111 5145212        cutoff            812.0000      636.3728 82374169   21.63%
 5574504 5151096      787.4158   135      812.0000      636.3728 82464820   21.63%
 5579904 5157061      702.2879   137      812.0000      636.3728 82555693   21.63%
 5586944 5162294      680.4729   161      812.0000      636.3728 82636834   21.63%
 5592888 5167434      730.4863   110      812.0000      636.3728 82716060   21.63%
 5598236 5173556      664.3478   173      812.0000      636.3728 82810163   21.63%
 5603575 5177677      698.7106   189      812.0000      636.3728 82873923   21.63%
 5609972 5183328      734.6351   105      812.0000      636.3728 82964097   21.63%
 5617050 5189748      810.7996   107      812.0000      636.3728 83064097   21.63%
Elapsed time = 5178.57 sec. (2432109.52 ticks, tree = 41355.47 MB, solutions = 11)
Nodefile size = 39288.83 MB (21650.60 MB after compression)
 5622502 5196099      779.3290   132      812.0000      636.3728 83159527   21.63%
 5626790 5201135      712.4583   105      812.0000      636.3848 83245553   21.63%
 5632890 5203957      750.1679    98      812.0000      636.3848 83290462   21.63%
 5644324 5213023      752.3467   167      812.0000      636.3987 83442784   21.63%
 5659426 5235988      686.7468   152      812.0000      637.2034 83843339   21.53%
 5676295 5244307      732.3278   124      812.0000      637.2730 83986191   21.52%
 5684056 5253719      722.3409   110      812.0000      637.2896 84131952   21.52%
 5691057 5259389      701.6875   115      812.0000      637.2896 84216523   21.52%
 5696476 5263694      682.1858   155      812.0000      637.2896 84283913   21.52%
 5703465 5271184      738.8228   176      812.0000      637.2896 84393873   21.52%
Elapsed time = 5261.51 sec. (2470259.30 ticks, tree = 41854.19 MB, solutions = 11)
Nodefile size = 39787.85 MB (21926.67 MB after compression)
 5710197 5278414      684.7054   156      812.0000      637.2896 84505771   21.52%
 5718039 5284507      751.1475   127      812.0000      637.2896 84599554   21.52%
 5724986 5292146      681.6253   166      812.0000      637.2896 84717470   21.52%
 5733048 5298616      807.4843   105      812.0000      637.2896 84820111   21.52%
 5740797 5306343      680.3293   135      812.0000      637.2896 84935771   21.52%
 5747100 5311948      763.9530   103      812.0000      637.2896 85020548   21.52%
 5755685 5319766      696.3625   192      812.0000      637.2896 85143711   21.52%
